[Licensing::Module] Trying to connect to existing licensing client channel...
Built from '6000.0/staging' branch; Version is '6000.0.70f1 (0d9e1a373c8b) revision 892442'; Using compiler version '193933523'; Build Type 'Release'
OS: 'Windows 10  (10.0.19045) 64bit Professional' Language: 'ru' Physical Memory: 64699 MB
[Licensing::IpcConnector] Successfully connected to: "LicenseClient-user" at "2026-07-01T21:26:25.0953672Z"
BatchMode: 1, IsHumanControllingUs: 0, StartBugReporterOnCrash: 0, Is64bit: 1
System  architecture: x64
Process architecture: x64
Date: 2026-07-01T21:26:25Z

COMMAND LINE ARGUMENTS:
C:\Program Files\Unity\Hub\Editor\6000.0.70f1\Editor\Unity.exe
-batchmode
-nographics
-projectPath
A:\Unity\Azur\Azur-Test-Magic_Archer
-executeMethod
MagicArcher.Editor.OrcMixamoAnimationFixMenu.FixOrcWalkAnimationInternal
-logFile
A:\Unity\Azur\Azur-Test-Magic_Archer\walk-fix.log
-quit
Successfully changed project path to: A:\Unity\Azur\Azur-Test-Magic_Archer
A:/Unity/Azur/Azur-Test-Magic_Archer
It looks like another Unity instance is running with this project open.

Multiple Unity instances cannot open the same project.

Project: A:/Unity/Azur/Azur-Test-Magic_Archer
Fatal Error! It looks like another Unity instance is running with this project open.

Multiple Unity instances cannot open the same project.

Project: A:/Unity/Azur/Azur-Test-Magic_Archer
Crash!!!
SymInit: Symbol-SearchPath: 'C:/Program Files/Unity/Hub/Editor/6000.0.70f1/Editor/Data/Mono;.;A:\Unity\Azur\Azur-Test-Magic_Archer;A:\Unity\Azur\Azur-Test-Magic_Archer\Library\BurstCache\JIT;C:\Program Files\Unity\Hub\Editor\6000.0.70f1\Editor;C:\Windows;C:\Windows\system32;', symOptions: 534, UserName: 'user'
OS-Version: 10.0.0
C:\Program Files\Unity\Hub\Editor\6000.0.70f1\Editor\Unity.exe:Unity.exe (00007FF7A6AB0000), size: 299008 (result: 0), SymType: '-deferred-', PDB: '', fileVersion: 6000.0.70.40474
C:\Windows\SYSTEM32\ntdll.dll:ntdll.dll (00007FFBBD010000), size: 2064384 (result: 0), SymType: '-deferred-', PDB: '', fileVersion: 10.0.19041.6456
C:\Windows\System32\KERNEL32.DLL:KERNEL32.DLL (00007FFBBC3B0000), size: 794624 (result: 0), SymType: '-deferred-', PDB: '', fileVersion: 10.0.19041.5915
C:\Windows\System32\KERNELBASE.dll:KERNELBASE.dll (00007FFBBA7C0000), size: 3104768 (result: 0), SymType: '-deferred-', PDB: '', fileVersion: 10.0.19041.6280
C:\Windows\System32\USER32.dll:USER32.dll (00007FFBBCE10000), size: 1708032 (result: 0), SymType: '-deferred-', PDB: '', fileVersion: 10.0.19041.6456
C:\Windows\System32\win32u.dll:win32u.dll (00007FFBBAFD0000), size: 139264 (result: 0), SymType: '-deferred-', PDB: '', fileVersion: 10.0.19041.6456
C:\Windows\System32\GDI32.dll:GDI32.dll (00007FFBBCC70000), size: 176128 (result: 0), SymType: '-deferred-', PDB: '', fileVersion: 10.0.19041.6157
C:\Windows\System32\gdi32full.dll:gdi32full.dll (00007FFBBA6A0000), size: 1150976 (result: 0), SymType: '-deferred-', PDB: '', fileVersion: 10.0.19041.6157
C:\Windows\System32\msvcp_win.dll:msvcp_win.dll (00007FFBBAB10000), size: 643072 (result: 0), SymType: '-deferred-', PDB: '', fileVersion: 10.0.19041.3636
C:\Windows\System32\ucrtbase.dll:ucrtbase.dll (00007FFBBACF0000), size: 1048576 (result: 0), SymType: '-deferred-', PDB: '', fileVersion: 10.0.19041.3636
C:\Windows\System32\IMM32.DLL:IMM32.DLL (00007FFBBB090000), size: 192512 (result: 0), SymType: '-deferred-', PDB: '', fileVersion: 10.0.19041.6157
C:\Program Files\Unity\Hub\Editor\6000.0.70f1\Editor\Unity.dll:Unity.dll (00007FFB2E830000), size: 87597056 (result: 0), SymType: '-deferred-', PDB: '', fileVersion: 6000.0.70.40474
C:\Windows\System32\CRYPT32.dll:CRYPT32.dll (00007FFBBAE70000), size: 1429504 (result: 0), SymType: '-deferred-', PDB: '', fileVersion: 10.0.19041.6157
C:\Windows\System32\ADVAPI32.dll:ADVAPI32.dll (00007FFBBCCA0000), size: 724992 (result: 0), SymType: '-deferred-', PDB: '', fileVersion: 10.0.19041.6328
C:\Program Files\Unity\Hub\Editor\6000.0.70f1\Editor\libfbxsdk.dll:libfbxsdk.dll (00007FFB7FEC0000), size: 8019968 (result: 0), SymType: '-deferred-', PDB: '', fileVersion: 2020.3.7.0
C:\Windows\System32\msvcrt.dll:msvcrt.dll (00007FFBBB380000), size: 647168 (result: 0), SymType: '-deferred-', PDB: '', fileVersion: 7.0.19041.3636
C:\Program Files\Unity\Hub\Editor\6000.0.70f1\Editor\s3tcompress.dll:s3tcompress.dll (00007FFBB6B00000), size: 180224 (result: 0), SymType: '-deferred-', PDB: ''
C:\Program Files\Unity\Hub\Editor\6000.0.70f1\Editor\etccompress.dll:etccompress.dll (00007FFB991D0000), size: 5070848 (result: 0), SymType: '-deferred-', PDB: ''
C:\Windows\System32\sechost.dll:sechost.dll (00007FFBBB9A0000), size: 651264 (result: 0), SymType: '-deferred-', PDB: '', fileVersion: 10.0.19041.6328
C:\Program Files\Unity\Hub\Editor\6000.0.70f1\Editor\ispc_texcomp.dll:ispc_texcomp.dll (00007FFBA2970000), size: 1826816 (result: 0), SymType: '-deferred-', PDB: ''
C:\Program Files\Unity\Hub\Editor\6000.0.70f1\Editor\compress_bc7e.dll:compress_bc7e.dll (00007FFBA1600000), size: 1433600 (result: 0), SymType: '-deferred-', PDB: ''
C:\Windows\System32\RPCRT4.dll:RPCRT4.dll (00007FFBBB260000), size: 1179648 (result: 0), SymType: '-deferred-', PDB: '', fileVersion: 10.0.19041.6280
C:\Program Files\Unity\Hub\Editor\6000.0.70f1\Editor\WinPixEventRuntime.dll:WinPixEventRuntime.dll (00007FFBB6AA0000), size: 57344 (result: 0), SymType: '-deferred-', PDB: '', fileVersion: 1.0.2403.8001
C:\Windows\System32\bcrypt.dll:bcrypt.dll (00007FFBBB000000), size: 159744 (result: 0), SymType: '-deferred-', PDB: '', fileVersion: 10.0.19041.5369
C:\Program Files\Unity\Hub\Editor\6000.0.70f1\Editor\umbraoptimizer64.dll:umbraoptimizer64.dll (00007FFBA3DF0000), size: 1187840 (result: 0), SymType: '-deferred-', PDB: ''
C:\Program Files\Unity\Hub\Editor\6000.0.70f1\Editor\FreeImage.dll:FreeImage.dll (0000000180000000), size: 5332992 (result: 0), SymType: '-deferred-', PDB: '', fileVersion: 3.18.0.0
C:\Windows\System32\ole32.dll:ole32.dll (00007FFBBB0C0000), size: 1224704 (result: 0), SymType: '-deferred-', PDB: '', fileVersion: 10.0.19041.5915
C:\Windows\System32\WS2_32.dll:WS2_32.dll (00007FFBBBAA0000), size: 438272 (result: 0), SymType: '-deferred-', PDB: '', fileVersion: 10.0.19041.3636
C:\Windows\SYSTEM32\MSVCP140.dll:MSVCP140.dll (00007FFB9FD60000), size: 561152 (result: 0), SymType: '-deferred-', PDB: '', fileVersion: 14.44.35211.0
C:\Windows\System32\combase.dll:combase.dll (00007FFBBC050000), size: 3489792 (result: 0), SymType: '-deferred-', PDB: '', fileVersion: 10.0.19041.6456
C:\Windows\System32\SETUPAPI.dll:SETUPAPI.dll (00007FFBBBB10000), size: 4653056 (result: 0), SymType: '-deferred-', PDB: '', fileVersion: 10.0.19041.5794
C:\Windows\SYSTEM32\VCRUNTIME140_1.dll:VCRUNTIME140_1.dll (00007FFB9FBB0000), size: 49152 (result: 0), SymType: '-deferred-', PDB: '', fileVersion: 14.44.35211.0
C:\Windows\SYSTEM32\VCRUNTIME140.dll:VCRUNTIME140.dll (00007FFB9FDF0000), size: 122880 (result: 0), SymType: '-deferred-', PDB: '', fileVersion: 14.44.35211.0
C:\Windows\System32\cfgmgr32.dll:cfgmgr32.dll (00007FFBBAAC0000), size: 319488 (result: 0), SymType: '-deferred-', PDB: '', fileVersion: 10.0.19041.3996
C:\Windows\System32\SHELL32.dll:SHELL32.dll (00007FFBBC500000), size: 7798784 (result: 0), SymType: '-deferred-', PDB: '', fileVersion: 10.0.19041.6456
C:\Windows\System32\SHLWAPI.dll:SHLWAPI.dll (00007FFBBB030000), size: 372736 (result: 0), SymType: '-deferred-', PDB: '', fileVersion: 10.0.19041.6392
C:\Windows\SYSTEM32\d3d11.dll:d3d11.dll (00007FFBB54C0000), size: 2506752 (result: 0), SymType: '-deferred-', PDB: '', fileVersion: 10.0.19041.5794
C:\Windows\SYSTEM32\d3d12.dll:d3d12.dll (00007FFB849B0000), size: 151552 (result: 0), SymType: '-deferred-', PDB: '', fileVersion: 10.0.19041.5794
C:\Windows\System32\OLEAUT32.dll:OLEAUT32.dll (00007FFBBBF80000), size: 839680 (result: 0), SymType: '-deferred-', PDB: '', fileVersion: 10.0.19041.3636
C:\Windows\System32\WINTRUST.dll:WINTRUST.dll (00007FFBBADF0000), size: 471040 (result: 0), SymType: '-deferred-', PDB: '', fileVersion: 10.0.19041.6456
C:\Windows\SYSTEM32\dxgi.dll:dxgi.dll (00007FFBB9040000), size: 1007616 (result: 0), SymType: '-deferred-', PDB: '', fileVersion: 10.0.19041.5794
C:\Windows\SYSTEM32\dwmapi.dll:dwmapi.dll (00007FFBB8350000), size: 188416 (result: 0), SymType: '-deferred-', PDB: '', fileVersion: 10.0.19041.6157
C:\Windows\SYSTEM32\HID.DLL:HID.DLL (00007FFBB8EE0000), size: 53248 (result: 0), SymType: '-deferred-', PDB: '', fileVersion: 10.0.19041.3636
C:\Windows\SYSTEM32\IPHLPAPI.DLL:IPHLPAPI.DLL (00007FFBB9AC0000), size: 241664 (result: 0), SymType: '-deferred-', PDB: '', fileVersion: 10.0.19041.3636
C:\Windows\SYSTEM32\OPENGL32.dll:OPENGL32.dll (00007FFB51E30000), size: 1212416 (result: 0), SymType: '-deferred-', PDB: '', fileVersion: 10.0.19041.5794
C:\Windows\SYSTEM32\WINHTTP.dll:WINHTTP.dll (00007FFBB6C70000), size: 1089536 (result: 0), SymType: '-deferred-', PDB: '', fileVersion: 10.0.19041.5794
C:\Windows\SYSTEM32\WINMM.dll:WINMM.dll (00007FFBB0FC0000), size: 159744 (result: 0), SymType: '-deferred-', PDB: '', fileVersion: 10.0.19041.3636
C:\Windows\SYSTEM32\GLU32.dll:GLU32.dll (00007FFB51E00000), size: 180224 (result: 0), SymType: '-deferred-', PDB: '', fileVersion: 10.0.19041.3636
C:\Program Files\Unity\Hub\Editor\6000.0.70f1\Editor\SketchUpAPI.dll:SketchUpAPI.dll (00007FFB7F620000), size: 8990720 (result: 0), SymType: '-deferred-', PDB: '', fileVersion: 23.0.0.0
C:\Program Files\Unity\Hub\Editor\6000.0.70f1\Editor\NativeProxyHelper.dll:NativeProxyHelper.dll (00007FFB98FB0000), size: 1789952 (result: 0), SymType: '-deferred-', PDB: ''
C:\Windows\SYSTEM32\VERSION.dll:VERSION.dll (00007FFBB4B30000), size: 40960 (result: 0), SymType: '-deferred-', PDB: '', fileVersion: 10.0.19041.3636
C:\Windows\SYSTEM32\kernel.appcore.dll:kernel.appcore.dll (00007FFBB8530000), size: 73728 (result: 0), SymType: '-deferred-', PDB: '', fileVersion: 10.0.19041.3758
C:\Windows\SYSTEM32\WSOCK32.dll:WSOCK32.dll (00007FFB9CB40000), size: 36864 (result: 0), SymType: '-deferred-', PDB: '', fileVersion: 10.0.19041.1
C:\Program Files\Unity\Hub\Editor\6000.0.70f1\Editor\SketchUpCommonPreferences.dll:SketchUpCommonPreferences.dll (00007FFBA3FE0000), size: 499712 (result: 0), SymType: '-deferred-', PDB: '', fileVersion: 23.0.0.0
C:\Windows\SYSTEM32\Secur32.dll:Secur32.dll (00007FFB9FB50000), size: 49152 (result: 0), SymType: '-deferred-', PDB: '', fileVersion: 10.0.19041.3636
C:\Windows\SYSTEM32\SSPICLI.DLL:SSPICLI.DLL (00007FFBBA550000), size: 204800 (result: 0), SymType: '-deferred-', PDB: '', fileVersion: 10.0.19041.6328
C:\Program Files\Unity\Hub\Editor\6000.0.70f1\Editor\OpenRL.dll:OpenRL.dll (000001E8E5580000), size: 12779520 (result: 0), SymType: '-deferred-', PDB: '', fileVersion: 1.5.0.2907
C:\Windows\SYSTEM32\MSVCP100.dll:MSVCP100.dll (0000000071070000), size: 622592 (result: 0), SymType: '-deferred-', PDB: '', fileVersion: 10.0.40219.325
C:\Windows\SYSTEM32\MSVCR100.dll:MSVCR100.dll (0000000070F90000), size: 860160 (result: 0), SymType: '-deferred-', PDB: '', fileVersion: 10.0.40219.325
C:\Program Files\Unity\Hub\Editor\6000.0.70f1\Editor\embree.dll:embree.dll (00007FFB7E630000), size: 16711680 (result: 0), SymType: '-deferred-', PDB: '', fileVersion: 2.14.0.0
C:\Program Files\Unity\Hub\Editor\6000.0.70f1\Editor\tbb.dll:tbb.dll (00007FFBA3F90000), size: 303104 (result: 0), SymType: '-deferred-', PDB: '', fileVersion: 2020.3.2022.1111
C:\Windows\SYSTEM32\MSWSOCK.DLL:MSWSOCK.DLL (00007FFBB9E30000), size: 434176 (result: 0), SymType: '-deferred-', PDB: '', fileVersion: 10.0.19041.5915
C:\Program Files\Unity\Hub\Editor\6000.0.70f1\Editor\OpenRL_pthread.dll:OpenRL_pthread.dll (000001E8E3BF0000), size: 61440 (result: 0), SymType: '-deferred-', PDB: '', fileVersion: 2.9.0.0
C:\Windows\SYSTEM32\MSASN1.dll:MSASN1.dll (00007FFBBA260000), size: 73728 (result: 0), SymType: '-deferred-', PDB: '', fileVersion: 10.0.19041.3636
C:\Windows\System32\bcryptprimitives.dll:bcryptprimitives.dll (00007FFBBABB0000), size: 532480 (result: 0), SymType: '-deferred-', PDB: '', fileVersion: 10.0.19041.5007
C:\Windows\system32\uxtheme.dll:uxtheme.dll (00007FFBB7FA0000), size: 647168 (result: 0), SymType: '-deferred-', PDB: '', fileVersion: 10.0.19041.5794
C:\Windows\SYSTEM32\windows.storage.dll:windows.storage.dll (00007FFBB8730000), size: 8015872 (result: 0), SymType: '-deferred-', PDB: '', fileVersion: 10.0.19041.6456
C:\Windows\SYSTEM32\Wldp.dll:Wldp.dll (00007FFBBA0D0000), size: 176128 (result: 0), SymType: '-deferred-', PDB: '', fileVersion: 10.0.19041.5794
C:\Windows\System32\SHCORE.dll:SHCORE.dll (00007FFBBB5B0000), size: 708608 (result: 0), SymType: '-deferred-', PDB: '', fileVersion: 10.0.19041.5794
C:\Windows\SYSTEM32\profapi.dll:profapi.dll (00007FFBBA5D0000), size: 147456 (result: 0), SymType: '-deferred-', PDB: '', fileVersion: 10.0.19041.6033
C:\Windows\SYSTEM32\CRYPTSP.dll:CRYPTSP.dll (00007FFBBA030000), size: 98304 (result: 0), SymType: '-deferred-', PDB: '', fileVersion: 10.0.19041.5856
C:\Windows\system32\rsaenh.dll:rsaenh.dll (00007FFBB96E0000), size: 229376 (result: 0), SymType: '-deferred-', PDB: '', fileVersion: 10.0.19041.6093
C:\Windows\system32\IconCodecService.dll:IconCodecService.dll (00007FFB88D30000), size: 36864 (result: 0), SymType: '-deferred-', PDB: '', fileVersion: 10.0.19041.1
C:\Windows\SYSTEM32\CRYPTBASE.dll:CRYPTBASE.dll (00007FFBBA020000), size: 49152 (result: 0), SymType: '-deferred-', PDB: '', fileVersion: 10.0.19041.3636
C:\Windows\SYSTEM32\WindowsCodecs.dll:WindowsCodecs.dll (00007FFBB7D50000), size: 1794048 (result: 0), SymType: '-deferred-', PDB: '', fileVersion: 10.0.19041.6456
C:\Windows\System32\imagehlp.dll:imagehlp.dll (00007FFBBB590000), size: 118784 (result: 0), SymType: '-deferred-', PDB: '', fileVersion: 10.0.19041.3636
C:\Windows\System32\clbcatq.dll:clbcatq.dll (00007FFBBCD60000), size: 692224 (result: 0), SymType: '-deferred-', PDB: '', fileVersion: 2001.12.10941.16384
C:\Windows\System32\netprofm.dll:netprofm.dll (00007FFBB7130000), size: 258048 (result: 0), SymType: '-deferred-', PDB: '', fileVersion: 10.0.19041.4355
C:\Windows\System32\npmproxy.dll:npmproxy.dll (00007FFBB3C60000), size: 65536 (result: 0), SymType: '-deferred-', PDB: '', fileVersion: 10.0.19041.4239
C:\Windows\SYSTEM32\dbghelp.dll:dbghelp.dll (00007FFBB3A10000), size: 2101248 (result: 0), SymType: '-deferred-', PDB: '', fileVersion: 10.0.19041.5848

========== OUTPUTTING STACK TRACE ==================

0x00007FFBBA7E5369 (KERNELBASE) RaiseException
0x00007FFB3041E255 (Unity) EditorMonoConsole::LogToConsoleImplementation
0x00007FFB3041EF1A (Unity) EditorMonoConsole::LogToConsoleImplementation
0x00007FFB310B67FD (Unity) DebugStringToFilePostprocessedStacktrace
0x00007FFB310B5B98 (Unity) DebugStringToFile
0x00007FFB3051C0A6 (Unity) HandleProjectAlreadyOpenInAnotherInstance
0x00007FFB3051DEB8 (Unity) Application::InitializeProject
0x00007FFB30B10393 (Unity) UnityMain
0x00007FF7A6AB2FBA (Unity) __scrt_common_main_seh
0x00007FFBBC3C7374 (KERNEL32) BaseThreadInitThunk
0x00007FFBBD05CC91 (ntdll) RtlUserThreadStart

========== END OF STACKTRACE ===========

A crash has been intercepted by the crash handler. For call stack and other details, see the latest crash report generated in:
 * C:/Users/user/AppData/Local/Temp/Unity/Editor/Crashes
[Licensing::Client] Handshaking with LicensingClient:
  Version:                 1.17.4+4293ba1
  Session Id:              76db314a6cae4811b720bb02c9f5683f
  Correlation Id:          9f0efa7debc4c97fb28da1e56824a443
  External correlation Id: 5925673394639580860
  Machine Id:              iqIrOSvYBFy8PF7wu5hSsFsMP/Y=
[Licensing::Module] Successfully connected to LicensingClient on channel: "LicenseClient-user" (connect: 0.00s, validation: 0.00s, handshake: 0.95s)
[Licensing::IpcConnector] Successfully connected to: "LicenseClient-user-notifications" at "2026-07-01T21:26:26.0449869Z"
[Licensing::Module] Error: Access token is unavailable; failed to update
[Licensing::Client] Successfully resolved entitlement details
[Licensing::Module] License group:
  Id: 4069663-UnityPersXXXX
  Product: Unity Personal
  Type: Assigned
  Expiration: Unlimited
[Licensing::Client] Successfully updated license, isAsync: True, time: 0.00
[Licensing::Client] Successfully resolved entitlement details
[Licensing::Module] Licensing Background thread has ended after 0.95s
